<?xml version="1.0" encoding="UTF-8"?>
<!-- Generated by org.testng.reporters.JUnitReportReporter -->
<testsuite hostname="DESKTOP-GPI0OJK" failures="0" tests="1" name="YahooFinance.UseCaseAutomation.FinancePageTest" time="5.258" errors="0" timestamp="2025-03-06T23:10:08 IST" skipped="0">
  <testcase classname="YahooFinance.UseCaseAutomation.FinancePageTest" name="f" time="5.258"/>
</testsuite> <!-- YahooFinance.UseCaseAutomation.FinancePageTest -->
